<?xml version="1.0" encoding="UTF-8"?>
<!-- Generated by org.testng.reporters.JUnitXMLReporter -->
<testsuite hostname="LAPTOP-N0G0NBDP" ignored="0" name="Testngtest" tests="3" failures="0" timestamp="24 Jul 2020 15:59:29 GMT" time="11.47" errors="0">
  <testcase name="create" time="0.011" classname="devdemo.Createemail"/>
  <testcase name="delete" time="0.003" classname="devdemo.DeleteEmail"/>
  <testcase name="loginmethod" time="11.403" classname="devdemo.Login"/>
</testsuite> <!-- Testngtest -->
