<?xml version="1.0" encoding="UTF-8"?>
<testng-results skipped="0" failed="0" ignored="0" total="3" passed="3">
  <reporter-output>
  </reporter-output>
  <suite name="Suite1" duration-ms="11470" started-at="2020-07-24T15:59:18Z" finished-at="2020-07-24T15:59:29Z">
    <groups>
    </groups>
    <test name="Testngtest" duration-ms="11470" started-at="2020-07-24T15:59:18Z" finished-at="2020-07-24T15:59:29Z">
      <class name="devdemo.DeleteEmail">
        <test-method status="PASS" signature="delete()[pri:0, instance:devdemo.DeleteEmail@5f1e4e]" name="delete" duration-ms="3" started-at="2020-07-24T15:59:18Z" finished-at="2020-07-24T15:59:18Z">
          <reporter-output>
          </reporter-output>
        </test-method> <!-- delete -->
      </class> <!-- devdemo.DeleteEmail -->
      <class name="devdemo.Createemail">
        <test-method status="PASS" signature="create()[pri:0, instance:devdemo.Createemail@15710fc]" name="create" duration-ms="11" started-at="2020-07-24T15:59:18Z" finished-at="2020-07-24T15:59:18Z">
          <reporter-output>
          </reporter-output>
        </test-method> <!-- create -->
      </class> <!-- devdemo.Createemail -->
      <class name="devdemo.Login">
        <test-method status="PASS" signature="loginmethod()[pri:0, instance:devdemo.Login@1f9eccc]" name="loginmethod" duration-ms="11403" started-at="2020-07-24T15:59:18Z" finished-at="2020-07-24T15:59:29Z">
          <reporter-output>
          </reporter-output>
        </test-method> <!-- loginmethod -->
      </class> <!-- devdemo.Login -->
    </test> <!-- Testngtest -->
  </suite> <!-- Suite1 -->
</testng-results>
